Successfully connected to the database.
Database 'temp' ensured and switched to.
Table 'beauty_vogue' ensured.
Scraping page: https://www.vogue.in/beauty
Title: Janhvi Kapoor gives metallic tones a fresh, soft-glam update with her ‘silver flush’ beauty look
Publish Date: 2025-02-10
URL: https://www.vogue.in/content/janhvi-kapoor-gives-metallic-tones-a-fresh-soft-glam-update-with-her-silver-flush-beauty-look
Image URL: https://assets.vogue.in/photos/67a9aae4b809114cd52c1e48/1:1/w_1600%2Ch_1200%2Cc_limit/476725918_18483593362006330_3255136321816854203_n.jpeg
Summary: Here's how you can get her look too
Content: That Janhvi Kapoor loves experimenting with her makeup looks is no surprise. Recently, she channelled vintage glam with sharp feline flicks, rosy cheeks and a nude glossy lip. She wore a silverFalguni...
----------------------------------------
Duplicate article found. Terminating the scraper.
Successfully connected to the database.
Database 'temp' ensured and switched to.
Table 'beauty_vogue' ensured.
Scraping page: https://www.vogue.in/beauty
Title: The 11 hair colour trends that will dominate 2025
Publish Date: 2025-02-11
URL: https://www.vogue.in/content/hair-colour-trends-2025
Image URL: https://assets.vogue.in/photos/67aaead53160961ea8b2fa7b/1:1/w_1600%2Ch_1200%2Cc_limit/Snapinst.app_428384196_407261715121392_3068220036018599269_n_1080.jpg
Summary: New year, new hue? These trending hair colours are about to take over, and the experts have spoken
Content: While it may seem cliché to talk aboutchanging up your lookfor the new year, there's something different about 2025. Everyone seems to be itching for a transformation and the hair colour trends that e...
----------------------------------------
Title: Janhvi Kapoor gives metallic tones a fresh, soft-glam update with her ‘silver flush’ beauty look
Publish Date: 2025-02-10
URL: https://www.vogue.in/content/janhvi-kapoor-gives-metallic-tones-a-fresh-soft-glam-update-with-her-silver-flush-beauty-look
Image URL: https://assets.vogue.in/photos/67a9aae4b809114cd52c1e48/1:1/w_1600%2Ch_1200%2Cc_limit/476725918_18483593362006330_3255136321816854203_n.jpeg
Summary: Here's how you can get her look too
Content: That Janhvi Kapoor loves experimenting with her makeup looks is no surprise. Recently, she channelled vintage glam with sharp feline flicks, rosy cheeks and a nude glossy lip. She wore a silverFalguni...
----------------------------------------
Duplicate article found. Terminating the scraper.
Successfully connected to the database.
Database 'temp' ensured and switched to.
Table 'beauty_vogue' ensured.
Scraping page: https://www.vogue.in/beauty
Title: Janhvi Kapoor's sunkissed glam was complete with a micro bindi
Publish Date: 2025-02-12
URL: https://www.vogue.in/content/janhvi-kapoors-sunkissed-glam-was-complete-with-a-micro-bindi
Image URL: https://assets.vogue.in/photos/67ac4b5b565bf3eb76b5ecc4/1:1/w_1600%2Ch_1200%2Cc_limit/476585924_18483407242006330_662460101794977450_n.jpeg
Summary: Here’s how you can recreate her look
Content: Janhvi Kapoorcan go from sultry siren to girl next door with the sweep of a makeup brush. For a recent outing, the actor embraced soft glam with dewy skin and nude lips. Wearing a floral saree paired ...
----------------------------------------
Title: Bloated? Try adding milk to your green tea
Publish Date: 2025-02-12
URL: https://www.vogue.in/content/bloated-try-adding-milk-to-your-green-tea
Image URL: https://assets.vogue.in/photos/6799fb240f40766659b4e039/1:1/w_1600%2Ch_1200%2Cc_limit/Athiya%2520Shetty%2520green%2520tea.jpeg
Summary: New research shows milk proteins may enhance green tea’s anti-inflammatory properties
Content: When it comes to easing the discomfort of a bloated belly, green tea is often recommended alongsidehibiscus tea, probiotics, and ginger—all of which can be effective. But when you’re out and about, fi...
----------------------------------------
Title: The 11 hair colour trends that will dominate 2025
Publish Date: 2025-02-11
URL: https://www.vogue.in/content/hair-colour-trends-2025
Image URL: https://assets.vogue.in/photos/67aaead53160961ea8b2fa7b/1:1/w_1600%2Ch_1200%2Cc_limit/Snapinst.app_428384196_407261715121392_3068220036018599269_n_1080.jpg
Summary: New year, new hue? These trending hair colours are about to take over, and the experts have spoken
Content: While it may seem cliché to talk aboutchanging up your lookfor the new year, there's something different about 2025. Everyone seems to be itching for a transformation and the hair colour trends that e...
----------------------------------------
Duplicate article found. Terminating the scraper.
