Successfully connected to the database.
Database 'temp' ensured and switched to.
Table 'culture_and_living_vogue' ensured.
Scraping page: https://www.vogue.in/culture-and-living
Title: The full moon on February 12 is asking you to stop accepting things that don’t please you
Publish Date: 2025-02-10
URL: https://www.vogue.in/content/the-full-moon-on-february-12-is-asking-you-to-stop-accepting-things-that-dont-please-you
Image URL: https://assets.vogue.in/photos/67a9830442b3c083258005df/1:1/w_1600%2Ch_1200%2Cc_limit/Full%2520moon.jpg
Summary: This full moon is all about matters of the heart, (self)-love, personal leadership and authenticity
Content: The wax and waning of the moon is a reminder that, even in the darkest of times, light will eventually return. In the days leading up to the fullmoonon February 12, make sure to go outside, look up at...
----------------------------------------
Duplicate article found. Terminating the scraper.
Successfully connected to the database.
Database 'temp' ensured and switched to.
Table 'culture_and_living_vogue' ensured.
Scraping page: https://www.vogue.in/culture-and-living
Title: Is breaking up over text ever okay?
Publish Date: 2025-02-11
URL: https://www.vogue.in/content/is-breaking-up-over-text-ever-okay
Image URL: https://assets.vogue.in/photos/67ab75d7eceebca9f5754a01/1:1/w_1600%2Ch_1200%2Cc_limit/Breaking%2520up%2520over%2520text.jpg
Summary: Plus, what to keep in mind before you hit send
Content: I’ve always thought that breaking up over text was a callous thing to do. But when my friend—let’s call her Amy—recently cut ties withboyfriendof two years with a text message, she had my full support...
----------------------------------------
Title: 39 best love songs from Bollywood that sum upeverythingyou’re feeling
Publish Date: 2025-02-11
URL: https://www.vogue.in/content/falling-in-love-these-39-best-love-songs-from-bollywood-will-keep-you-company
Image URL: https://www.vogue.in/verso/static/vogue-global/assets/in/logo.svg
Summary: Bollywood has a song for every mood and stage of falling in love.Voguecurates a playlist for that moment you realise you’re in love
Content: Bollywood has a song for every mood and stage offalling in love. And there is one stage that needs the best love songs: the moment you realise you are smitten with someone, and it’s time to make a pla...
----------------------------------------
Duplicate article found. Terminating the scraper.
Successfully connected to the database.
Database 'temp' ensured and switched to.
Table 'culture_and_living_vogue' ensured.
Scraping page: https://www.vogue.in/culture-and-living
Title: I attended a fascinating festival in Bhutan and understood why it is one of the happiest countries in the world
Publish Date: 2025-02-12
URL: https://www.vogue.in/content/bhutans-black-necked-crane-festival-why-it-is-one-of-the-happiest-countries-in-the-world
Image URL: https://assets.vogue.in/photos/67ace2a7d41accc214f38a9f/1:1/w_1600%2Ch_1200%2Cc_limit/20241110_125400.jpg
Summary: Held after the harvest season, the Black-Necked Crane Festival serves as a time of relaxation for the farming community and a way to usher in prosperity
Content: Bhutan is the kind of place that doesn’t just sit in your memory, it settles into your soul. Nestled in the heart of theHimalayas, this is a tiny kingdom where nature, culture and conservation aren’t ...
----------------------------------------
Title: The most cunning zodiac signs ranked
Publish Date: 2025-02-12
URL: https://www.vogue.in/content/the-most-cunning-zodiac-signs-ranked
Image URL: https://assets.vogue.in/photos/67ac7533b794aad586cb0fe6/1:1/w_1600%2Ch_1200%2Cc_limit/Cunning%2520zodiac%2520signs.jpg
Summary: Whether through charm, intelligence or secrecy, the most cunning zodiac signs know what they want… and exactly how to get it
Content: You think you know your friends, but do you reallyknowthem? The most cunning zodiac signs are often those who you think you’ve got all figured out—until they are hurt so deeply that they turn into you...
----------------------------------------
Title: 8 solo date ideas that can help you actually enjoy doing things alone
Publish Date: 2025-02-12
URL: https://www.vogue.in/content/solo-date-ideas-that-can-help-you-actually-enjoy-doing-things-alone
Image URL: https://assets.vogue.in/photos/67ac64755a0b83a01183bb12/1:1/w_1600%2Ch_1200%2Cc_limit/V-V_VOGUE.INDIA_04-23_8_v1_CMYK%2520(1).jpeg
Summary: Going to a cosy bar or weekday movie by yourself doesn’t have to be awkward
Content: Hanging with friends or family, enjoying a romantic evening and bonding with coworkers after hours are all fine ways to fill yourleisuretime. But maybe your loved ones are busy or live far away. Or pe...
----------------------------------------
Title: Is breaking up over text ever okay?
Publish Date: 2025-02-11
URL: https://www.vogue.in/content/is-breaking-up-over-text-ever-okay
Image URL: https://assets.vogue.in/photos/67ab75d7eceebca9f5754a01/1:1/w_1600%2Ch_1200%2Cc_limit/Breaking%2520up%2520over%2520text.jpg
Summary: Plus, what to keep in mind before you hit send
Content: I’ve always thought that breaking up over text was a callous thing to do. But when my friend—let’s call her Amy—recently cut ties withboyfriendof two years with a text message, she had my full support...
----------------------------------------
Duplicate article found. Terminating the scraper.
